<?xml version="1.0" encoding="UTF-8"?>
<testng-results ignored="0" total="1" passed="1" failed="0" skipped="0">
  <reporter-output>
  </reporter-output>
  <suite started-at="2026-07-29T17:06:47Z" name="Default suite" finished-at="2026-07-29T17:06:48Z" duration-ms="24">
    <groups>
    </groups>
    <test started-at="2026-07-29T17:06:47Z" name="Default test" finished-at="2026-07-29T17:06:48Z" duration-ms="24">
      <class name="testPackage.GitTestClass">
        <test-method signature="testGit()[pri:0, instance:testPackage.GitTestClass@4f6f416f]" started-at="2026-07-29T17:06:48Z" name="testGit" finished-at="2026-07-29T17:06:48Z" duration-ms="8" status="PASS">
          <reporter-output>
          </reporter-output>
        </test-method> <!-- testGit -->
      </class> <!-- testPackage.GitTestClass -->
    </test> <!-- Default test -->
  </suite> <!-- Default suite -->
</testng-results>
